<?xml version="1.0" encoding="UTF-8"?>
<!-- Generated by org.testng.reporters.JUnitXMLReporter -->
<testsuite ignored="5" hostname="ngawangs10" failures="0" tests="1" name="Default test" time="13.361" errors="0" timestamp="2023-01-08T01:29:26 GMT-05:00">
  <testcase classname="testPages.HomePageTest" name="use_of_selectByIndex_forDropdown" time="9.913"/>
  <testcase classname="testPages.HomePageTest" name="use_of_actions" time="0.0">
    <ignored/>
  </testcase> <!-- use_of_actions -->
  <testcase classname="testPages.HomePageTest" name="use_of_assert_method" time="0.0">
    <ignored/>
  </testcase> <!-- use_of_assert_method -->
  <testcase classname="testPages.HomePageTest" name="clickSelenium" time="0.0">
    <ignored/>
  </testcase> <!-- clickSelenium -->
  <testcase classname="testPages.HomePageTest" name="use_of_assertEquals_method" time="0.0">
    <ignored/>
  </testcase> <!-- use_of_assertEquals_method -->
  <testcase classname="testPages.HomePageTest" name="use_of_softAssertion_method" time="0.0">
    <ignored/>
  </testcase> <!-- use_of_softAssertion_method -->
</testsuite> <!-- Default test -->
