<?xml version="1.0" encoding="UTF-8"?>
<testng-results ignored="5" total="6" passed="1" failed="0" skipped="0">
  <reporter-output>
  </reporter-output>
  <suite started-at="2023-01-08T01:29:12 GMT-05:00" name="Default suite" finished-at="2023-01-08T01:29:26 GMT-05:00" duration-ms="13361">
    <groups>
    </groups>
    <test started-at="2023-01-08T01:29:12 GMT-05:00" name="Default test" finished-at="2023-01-08T01:29:26 GMT-05:00" duration-ms="13361">
      <class name="testPages.HomePageTest">
        <test-method is-config="true" signature="setUp()[pri:0, instance:testPages.HomePageTest@242b836]" started-at="2023-01-08T01:29:12 GMT-05:00" name="setUp" finished-at="2023-01-08T01:29:16 GMT-05:00" duration-ms="3212" status="PASS">
          <reporter-output>
          </reporter-output>
        </test-method> <!-- setUp -->
        <test-method signature="use_of_selectByIndex_forDropdown()[pri:0, instance:testPages.HomePageTest@242b836]" started-at="2023-01-08T01:29:16 GMT-05:00" name="use_of_selectByIndex_forDropdown" finished-at="2023-01-08T01:29:26 GMT-05:00" duration-ms="9913" status="PASS">
          <reporter-output>
          </reporter-output>
        </test-method> <!-- use_of_selectByIndex_forDropdown -->
        <test-method is-config="true" signature="tearUp()[pri:0, instance:testPages.HomePageTest@242b836]" started-at="2023-01-08T01:29:26 GMT-05:00" name="tearUp" finished-at="2023-01-08T01:29:26 GMT-05:00" duration-ms="197" status="PASS">
          <reporter-output>
          </reporter-output>
        </test-method> <!-- tearUp -->
      </class> <!-- testPages.HomePageTest -->
    </test> <!-- Default test -->
  </suite> <!-- Default suite -->
</testng-results>
